Files already downloaded and verified
Files already downloaded and verified
[1, 100] loss: 2.299
[1, 200] loss: 2.163
[1, 300] loss: 1.978
[1, 400] loss: 1.887
[1, 500] loss: 1.810
[1, 600] loss: 1.779
[1, 700] loss: 1.707
[1, 100] loss: 2.316
[1, 200] loss: 2.096
[1, 300] loss: 1.972
[1, 400] loss: 1.953
[1, 500] loss: 1.846
[1, 600] loss: 1.789
[1, 700] loss: 1.714
[2, 100] loss: 1.628
[2, 200] loss: 1.566
[2, 300] loss: 1.556
[2, 400] loss: 1.546
[2, 500] loss: 1.534
[2, 600] loss: 1.490
[2, 700] loss: 1.451
[2, 100] loss: 1.631
[2, 200] loss: 1.591
[2, 300] loss: 1.568
[2, 400] loss: 1.550
[2, 500] loss: 1.528
[2, 600] loss: 1.499
[2, 700] loss: 1.495
[3, 100] loss: 1.393
[3, 200] loss: 1.362
[3, 300] loss: 1.359
[3, 400] loss: 1.347
[3, 500] loss: 1.281
[3, 600] loss: 1.315
[3, 700] loss: 1.263
[3, 100] loss: 1.431
[3, 200] loss: 1.390
[3, 300] loss: 1.328
[3, 400] loss: 1.379
[3, 500] loss: 1.299
[3, 600] loss: 1.284
[3, 700] loss: 1.283
[4, 100] loss: 1.243
[4, 200] loss: 1.208
[4, 300] loss: 1.189
[4, 400] loss: 1.166
[4, 500] loss: 1.149
[4, 600] loss: 1.135
[4, 700] loss: 1.127
[4, 100] loss: 1.197
[4, 200] loss: 1.170
[4, 300] loss: 1.155
[4, 400] loss: 1.167
[4, 500] loss: 1.194
[4, 600] loss: 1.140
[4, 700] loss: 1.112
[5, 100] loss: 1.071
[5, 200] loss: 1.026
[5, 300] loss: 1.007
[5, 400] loss: 1.037
[5, 500] loss: 1.027
[5, 600] loss: 0.991
[5, 700] loss: 0.977
[5, 100] loss: 1.086
[5, 200] loss: 1.005
[5, 300] loss: 1.013
[5, 400] loss: 1.038
[5, 500] loss: 0.997
[5, 600] loss: 0.975
[5, 700] loss: 0.976
[6, 100] loss: 0.907
[6, 200] loss: 0.922
[6, 300] loss: 0.921
[6, 400] loss: 0.941
[6, 500] loss: 0.917
[6, 600] loss: 0.891
[6, 700] loss: 0.878
[6, 100] loss: 0.907
[6, 200] loss: 0.940
[6, 300] loss: 0.894
[6, 400] loss: 0.883
[6, 500] loss: 0.900
[6, 600] loss: 0.875
[6, 700] loss: 0.849
[7, 100] loss: 0.841
[7, 200] loss: 0.864
[7, 300] loss: 0.829
[7, 400] loss: 0.848
[7, 500] loss: 0.806
[7, 600] loss: 0.790
[7, 700] loss: 0.830
[7, 100] loss: 0.803
[7, 200] loss: 0.751
[7, 300] loss: 0.753
[7, 400] loss: 0.755
[7, 500] loss: 0.786
[7, 600] loss: 0.723
[7, 700] loss: 0.753
[8, 100] loss: 0.755
[8, 200] loss: 0.753
[8, 300] loss: 0.729
[8, 400] loss: 0.740
[8, 500] loss: 0.734
[8, 600] loss: 0.739
[8, 700] loss: 0.757
[8, 100] loss: 0.684
[8, 200] loss: 0.683
[8, 300] loss: 0.641
[8, 400] loss: 0.692
[8, 500] loss: 0.704
[8, 600] loss: 0.672
[8, 700] loss: 0.666
[9, 100] loss: 0.715
[9, 200] loss: 0.668
[9, 300] loss: 0.689
[9, 400] loss: 0.667
[9, 500] loss: 0.692
[9, 600] loss: 0.652
[9, 700] loss: 0.694
[9, 100] loss: 0.586
[9, 200] loss: 0.562
[9, 300] loss: 0.612
[9, 400] loss: 0.604
[9, 500] loss: 0.572
[9, 600] loss: 0.575
[9, 700] loss: 0.603
[10, 100] loss: 0.597
[10, 200] loss: 0.601
[10, 300] loss: 0.619
[10, 400] loss: 0.629
[10, 500] loss: 0.623
[10, 600] loss: 0.682
[10, 700] loss: 0.630
Total training time: 3463.3721520900726 seconds
Finished Training
[10, 100] loss: 0.527
[10, 200] loss: 0.503
[10, 300] loss: 0.496
[10, 400] loss: 0.510
[10, 500] loss: 0.502
[10, 600] loss: 0.522
[10, 700] loss: 0.532
Total training time: 3506.3854053020477 seconds
Finished Training
